<?xml version="1.0" encoding="UTF-8"?>
<!-- Generated by org.testng.reporters.JUnitReportReporter -->
<testsuite name="testCases.Validate_LoginWithIncorrectPassword" tests="2" time="24.030" ignored="0" failures="0" timestamp="11 Apr 2017 06:20:02 GMT" skipped="0" hostname="binary01-Inspiron-530" errors="0">
  <testcase name="A_Login_IncorrectPassword" time="23.746" classname="testCases.Validate_LoginWithIncorrectPassword"/>
  <testcase name="B_Validate_Message" time="0.284" classname="testCases.Validate_LoginWithIncorrectPassword"/>
</testsuite> <!-- testCases.Validate_LoginWithIncorrectPassword -->
