<?xml version="1.0" encoding="UTF-8"?>
<!-- Generated by org.testng.reporters.JUnitReportReporter -->
<testsuite name="testCases.Validate_LoginHistoryPage" tests="5" time="11.275" ignored="0" failures="0" timestamp="06 Jun 2017 13:59:49 GMT" skipped="0" hostname="v2cloud-pc" errors="0">
  <testcase name="Check_NewEntries" time="0.676" classname="testCases.Validate_LoginHistoryPage"/>
  <testcase name="A_Login_IncorrectPassword" time="3.159" classname="testCases.Validate_LoginHistoryPage"/>
  <testcase name="NavigateToLoginHistoryPage" time="4.253" classname="testCases.Validate_LoginHistoryPage"/>
  <testcase name="Login" time="3.020" classname="testCases.Validate_LoginHistoryPage"/>
  <testcase name="CheckTotalRows" time="0.167" classname="testCases.Validate_LoginHistoryPage"/>
</testsuite> <!-- testCases.Validate_LoginHistoryPage -->
