<?xml version="1.0" encoding="UTF-8"?>
<!-- Generated by org.testng.reporters.JUnitReportReporter -->
<testsuite name="testCases.Validate_PersonalDetailsPage" tests="13" time="19.403" ignored="8" failures="0" timestamp="19 Jul 2017 09:24:14 GMT" skipped="0" hostname="ehtesham-HP-ProBook-4540s" errors="0">
  <testcase name="Test_AddressLine1_EmptyField" time="0.207" classname="testCases.Validate_PersonalDetailsPage"/>
  <testcase name="Test_ZipCode_InvalidChars" time="0.351" classname="testCases.Validate_PersonalDetailsPage"/>
  <testcase name="NavigateToPersonalDetailsPage" time="4.231" classname="testCases.Validate_PersonalDetailsPage"/>
  <testcase name="Test_AddressCity_EmptyField" time="0.223" classname="testCases.Validate_PersonalDetailsPage"/>
  <testcase name="Test_AddressLine1_InvalidChars" time="0.421" classname="testCases.Validate_PersonalDetailsPage"/>
  <testcase name="SetPersonalDetailsFields" time="1.852" classname="testCases.Validate_PersonalDetailsPage"/>
  <testcase name="Test_TaxId_EmptyField" time="0.334" classname="testCases.Validate_PersonalDetailsPage"/>
  <testcase name="Test_AddressCity_InvalidChars" time="0.392" classname="testCases.Validate_PersonalDetailsPage"/>
  <testcase name="Test_Telephone_EmptyField" time="0.211" classname="testCases.Validate_PersonalDetailsPage"/>
  <testcase name="Test_TaxResidence_EmptyField" time="1.742" classname="testCases.Validate_PersonalDetailsPage"/>
  <testcase name="Login" time="8.916" classname="testCases.Validate_PersonalDetailsPage"/>
  <testcase name="Test_Telephone_InvalidChars" time="0.316" classname="testCases.Validate_PersonalDetailsPage"/>
  <testcase name="Test_Telephone_LessChars" time="0.207" classname="testCases.Validate_PersonalDetailsPage"/>
  <testcase name="testEmailEmpty" classname="testCases.Validate_LostPassword">
    <skipped/>
  </testcase> <!-- testEmailEmpty -->
  <testcase name="Test_Limits_MaxAccountBalance" classname="testCases.Validate_Limits">
    <skipped/>
  </testcase> <!-- Test_Limits_MaxAccountBalance -->
  <testcase name="Login" classname="testCases.Validate_ResourcesPage">
    <skipped/>
  </testcase> <!-- Login -->
  <testcase name="loginMF" classname="testCases.Validate_ResourcesPage">
    <skipped/>
  </testcase> <!-- loginMF -->
  <testcase name="loginMX" classname="testCases.Validate_ResourcesPage">
    <skipped/>
  </testcase> <!-- loginMX -->
  <testcase name="TestNotMoreThanPrevious" classname="testCases.Validate_SelfExclusionPage">
    <skipped/>
  </testcase> <!-- TestNotMoreThanPrevious -->
  <testcase name="check_withdrawlock" classname="testCases.Validate_CashierPassword">
    <skipped/>
  </testcase> <!-- check_withdrawlock -->
  <testcase name="check_depositLock" classname="testCases.Validate_CashierPassword">
    <skipped/>
  </testcase> <!-- check_depositLock -->
</testsuite> <!-- testCases.Validate_PersonalDetailsPage -->
