<?xml version="1.0" encoding="UTF-8"?>
<!-- Generated by org.testng.reporters.JUnitReportReporter -->
<testsuite name="testCases.Validate_LoginAndLogout" tests="3" time="16.282" ignored="0" failures="0" timestamp="11 Apr 2017 05:36:55 GMT" skipped="0" hostname="binary01-Inspiron-530" errors="0">
  <testcase name="B_Login" time="9.692" classname="testCases.Validate_LoginAndLogout"/>
  <testcase name="C_Logout" time="5.377" classname="testCases.Validate_LoginAndLogout"/>
  <testcase name="A_Launch" time="1.213" classname="testCases.Validate_LoginAndLogout"/>
</testsuite> <!-- testCases.Validate_LoginAndLogout -->
