<?xml version="1.0" encoding="UTF-8"?>
<!-- Generated by org.testng.reporters.JUnitReportReporter -->
<testsuite name="testCases.Validate_NewAccount" tests="2" time="75.447" ignored="0" failures="0" timestamp="27 Apr 2017 19:05:16 GMT" skipped="0" hostname="v2cloud-pc" errors="0">
  <testcase name="NewClientRegistration" time="73.304" classname="testCases.Validate_NewAccount"/>
  <testcase name="SetServer" time="2.143" classname="testCases.Validate_NewAccount"/>
</testsuite> <!-- testCases.Validate_NewAccount -->
