<?xml version="1.0" encoding="UTF-8"?>
<!-- Generated by org.testng.reporters.JUnitReportReporter -->
<testsuite name="testCases.Validate_APITokenPage" tests="9" time="61.205" ignored="0" failures="0" timestamp="06 Jun 2017 13:59:48 GMT" skipped="0" hostname="v2cloud-pc" errors="0">
  <testcase name="AddNewToken" time="3.939" classname="testCases.Validate_APITokenPage"/>
  <testcase name="CheckInvalidName" time="0.774" classname="testCases.Validate_APITokenPage"/>
  <testcase name="DuplicateName" time="2.113" classname="testCases.Validate_APITokenPage"/>
  <testcase name="CheckPageLoad" time="20.264" classname="testCases.Validate_APITokenPage"/>
  <testcase name="NavigateToAPITokenPage" time="27.274" classname="testCases.Validate_APITokenPage"/>
  <testcase name="CheckMinChar" time="1.004" classname="testCases.Validate_APITokenPage"/>
  <testcase name="CheckScopeValidation" time="1.406" classname="testCases.Validate_APITokenPage"/>
  <testcase name="Login" time="3.841" classname="testCases.Validate_APITokenPage"/>
  <testcase name="DeleteToken" time="0.590" classname="testCases.Validate_APITokenPage"/>
</testsuite> <!-- testCases.Validate_APITokenPage -->
