<?xml version="1.0" encoding="UTF-8"?>
<!-- Generated by org.testng.reporters.JUnitReportReporter -->
<testsuite name="testCases.Validate_CashierPassword" tests="9" time="17.284" ignored="8" failures="0" timestamp="19 Jul 2017 09:24:14 GMT" skipped="0" hostname="ehtesham-HP-ProBook-4540s" errors="0">
  <testcase name="update_cshrPass" time="0.972" classname="testCases.Validate_CashierPassword"/>
  <testcase name="Login" time="7.558" classname="testCases.Validate_CashierPassword"/>
  <testcase name="NavigateToCashierPasswordPage" time="3.743" classname="testCases.Validate_CashierPassword"/>
  <testcase name="check_diffPass" time="0.429" classname="testCases.Validate_CashierPassword"/>
  <testcase name="check_invPass" time="0.403" classname="testCases.Validate_CashierPassword"/>
  <testcase name="check_samePass" time="0.991" classname="testCases.Validate_CashierPassword"/>
  <testcase name="check_minpass" time="0.336" classname="testCases.Validate_CashierPassword"/>
  <testcase name="unlock" time="2.068" classname="testCases.Validate_CashierPassword"/>
  <testcase name="check_emptyField" time="0.784" classname="testCases.Validate_CashierPassword"/>
  <testcase name="testEmailEmpty" classname="testCases.Validate_LostPassword">
    <skipped/>
  </testcase> <!-- testEmailEmpty -->
  <testcase name="Test_Limits_MaxAccountBalance" classname="testCases.Validate_Limits">
    <skipped/>
  </testcase> <!-- Test_Limits_MaxAccountBalance -->
  <testcase name="Login" classname="testCases.Validate_ResourcesPage">
    <skipped/>
  </testcase> <!-- Login -->
  <testcase name="loginMF" classname="testCases.Validate_ResourcesPage">
    <skipped/>
  </testcase> <!-- loginMF -->
  <testcase name="loginMX" classname="testCases.Validate_ResourcesPage">
    <skipped/>
  </testcase> <!-- loginMX -->
  <testcase name="TestNotMoreThanPrevious" classname="testCases.Validate_SelfExclusionPage">
    <skipped/>
  </testcase> <!-- TestNotMoreThanPrevious -->
  <testcase name="check_withdrawlock" classname="testCases.Validate_CashierPassword">
    <skipped/>
  </testcase> <!-- check_withdrawlock -->
  <testcase name="check_depositLock" classname="testCases.Validate_CashierPassword">
    <skipped/>
  </testcase> <!-- check_depositLock -->
</testsuite> <!-- testCases.Validate_CashierPassword -->
