<?xml version="1.0" encoding="UTF-8"?>
<!-- Generated by org.testng.reporters.JUnitReportReporter -->
<testsuite name="testCases.Validate_NewAccountOnQaServer" tests="1" time="85.511" ignored="0" failures="0" timestamp="24 May 2017 00:26:05 GMT" skipped="0" hostname="v2cloud-pc" errors="0">
  <testcase name="NewClientRegistrationOnQaServer" time="85.511" classname="testCases.Validate_NewAccountOnQaServer"/>
</testsuite> <!-- testCases.Validate_NewAccountOnQaServer -->
