<?xml version="1.0" encoding="UTF-8"?>
<!-- Generated by org.testng.reporters.JUnitReportReporter -->
<testsuite name="testCases.Validate_PersonalDetailsPage" tests="13" time="111.588" ignored="8" failures="0" timestamp="20 Jul 2017 09:09:14 GMT" skipped="0" hostname="ehtesham-HP-ProBook-4540s" errors="0">
  <testcase name="Test_ZipCode_InvalidChars" time="5.704" classname="testCases.Validate_PersonalDetailsPage"/>
  <testcase name="Test_AddressLine1_InvalidChars" time="5.602" classname="testCases.Validate_PersonalDetailsPage"/>
  <testcase name="Test_TaxId_EmptyField" time="8.340" classname="testCases.Validate_PersonalDetailsPage"/>
  <testcase name="Test_AddressLine1_EmptyField" time="5.403" classname="testCases.Validate_PersonalDetailsPage"/>
  <testcase name="Test_Telephone_LessChars" time="6.292" classname="testCases.Validate_PersonalDetailsPage"/>
  <testcase name="SetPersonalDetailsFields" time="30.894" classname="testCases.Validate_PersonalDetailsPage"/>
  <testcase name="Test_AddressCity_EmptyField" time="5.582" classname="testCases.Validate_PersonalDetailsPage"/>
  <testcase name="Test_AddressCity_InvalidChars" time="5.492" classname="testCases.Validate_PersonalDetailsPage"/>
  <testcase name="Test_Telephone_EmptyField" time="5.655" classname="testCases.Validate_PersonalDetailsPage"/>
  <testcase name="Test_TaxResidence_EmptyField" time="8.030" classname="testCases.Validate_PersonalDetailsPage"/>
  <testcase name="NavigateToPersonalDetailsPage" time="7.486" classname="testCases.Validate_PersonalDetailsPage"/>
  <testcase name="Login" time="11.418" classname="testCases.Validate_PersonalDetailsPage"/>
  <testcase name="Test_Telephone_InvalidChars" time="5.690" classname="testCases.Validate_PersonalDetailsPage"/>
  <testcase name="Login" classname="testCases.Validate_ResourcesPage">
    <skipped/>
  </testcase> <!-- Login -->
  <testcase name="loginMF" classname="testCases.Validate_ResourcesPage">
    <skipped/>
  </testcase> <!-- loginMF -->
  <testcase name="loginMX" classname="testCases.Validate_ResourcesPage">
    <skipped/>
  </testcase> <!-- loginMX -->
  <testcase name="Test_Limits_MaxAccountBalance" classname="testCases.Validate_Limits">
    <skipped/>
  </testcase> <!-- Test_Limits_MaxAccountBalance -->
  <testcase name="testEmailEmpty" classname="testCases.Validate_LostPassword">
    <skipped/>
  </testcase> <!-- testEmailEmpty -->
  <testcase name="check_withdrawlock" classname="testCases.Validate_CashierPassword">
    <skipped/>
  </testcase> <!-- check_withdrawlock -->
  <testcase name="check_depositLock" classname="testCases.Validate_CashierPassword">
    <skipped/>
  </testcase> <!-- check_depositLock -->
  <testcase name="TestNotMoreThanPrevious" classname="testCases.Validate_SelfExclusionPage">
    <skipped/>
  </testcase> <!-- TestNotMoreThanPrevious -->
</testsuite> <!-- testCases.Validate_PersonalDetailsPage -->
