<?xml version="1.0" encoding="UTF-8"?>
<!-- Generated by org.testng.reporters.JUnitReportReporter -->
<testsuite name="testCases.Validate_LostPassword" tests="2" time="12.908" ignored="0" failures="0" timestamp="13 Apr 2017 02:06:32 GMT" skipped="0" hostname="binary01-Inspiron-530" errors="0">
  <testcase name="A_Launch" time="1.324" classname="testCases.Validate_LostPassword"/>
  <testcase name="B_Lost_Password" time="11.584" classname="testCases.Validate_LostPassword"/>
</testsuite> <!-- testCases.Validate_LostPassword -->
