<?xml version="1.0" encoding="UTF-8"?>
<!-- Generated by org.testng.reporters.JUnitReportReporter -->
<testsuite name="testCases.Validate_FinancialAssessmentFields" tests="20" time="766.532" ignored="8" failures="0" timestamp="20 Jul 2017 09:09:14 GMT" skipped="0" hostname="ehtesham-HP-ProBook-4540s" errors="0">
  <testcase name="Test_AnnualIncome" time="42.091" classname="testCases.Validate_FinancialAssessmentFields"/>
  <testcase name="Test_StocksTradingFrequency" time="42.190" classname="testCases.Validate_FinancialAssessmentFields"/>
  <testcase name="Test_IndicesTradingFrequency" time="40.990" classname="testCases.Validate_FinancialAssessmentFields"/>
  <testcase name="Test_OtherDerivatiesTradingFrequency" time="42.684" classname="testCases.Validate_FinancialAssessmentFields"/>
  <testcase name="NavigateToFinancialAssessmentPage" time="5.004" classname="testCases.Validate_FinancialAssessmentFields"/>
  <testcase name="Test_CommoditiesTradingFrequency" time="41.902" classname="testCases.Validate_FinancialAssessmentFields"/>
  <testcase name="Test_OtherTradingExperience" time="40.566" classname="testCases.Validate_FinancialAssessmentFields"/>
  <testcase name="Test_ForexTradingExperience" time="42.498" classname="testCases.Validate_FinancialAssessmentFields"/>
  <testcase name="Test_AnticipatedAccountTurnover" time="41.995" classname="testCases.Validate_FinancialAssessmentFields"/>
  <testcase name="Test_IndustryEmployment" time="40.629" classname="testCases.Validate_FinancialAssessmentFields"/>
  <testcase name="Test_IndicesTradingExperience" time="40.795" classname="testCases.Validate_FinancialAssessmentFields"/>
  <testcase name="Test_OtherTradingFrequency" time="40.608" classname="testCases.Validate_FinancialAssessmentFields"/>
  <testcase name="Test_OtherDerivativesTradingExperience" time="43.935" classname="testCases.Validate_FinancialAssessmentFields"/>
  <testcase name="Test_CommoditiesTradingExperience" time="41.499" classname="testCases.Validate_FinancialAssessmentFields"/>
  <testcase name="Test_Occupation" time="41.783" classname="testCases.Validate_FinancialAssessmentFields"/>
  <testcase name="Test_NetWorth" time="42.632" classname="testCases.Validate_FinancialAssessmentFields"/>
  <testcase name="Test_ForexTradingFrequency" time="42.348" classname="testCases.Validate_FinancialAssessmentFields"/>
  <testcase name="Test_Education" time="40.337" classname="testCases.Validate_FinancialAssessmentFields"/>
  <testcase name="Test_StocksTradingExperience" time="39.955" classname="testCases.Validate_FinancialAssessmentFields"/>
  <testcase name="Login" time="12.091" classname="testCases.Validate_FinancialAssessmentFields"/>
  <testcase name="Login" classname="testCases.Validate_ResourcesPage">
    <skipped/>
  </testcase> <!-- Login -->
  <testcase name="loginMF" classname="testCases.Validate_ResourcesPage">
    <skipped/>
  </testcase> <!-- loginMF -->
  <testcase name="loginMX" classname="testCases.Validate_ResourcesPage">
    <skipped/>
  </testcase> <!-- loginMX -->
  <testcase name="Test_Limits_MaxAccountBalance" classname="testCases.Validate_Limits">
    <skipped/>
  </testcase> <!-- Test_Limits_MaxAccountBalance -->
  <testcase name="testEmailEmpty" classname="testCases.Validate_LostPassword">
    <skipped/>
  </testcase> <!-- testEmailEmpty -->
  <testcase name="check_withdrawlock" classname="testCases.Validate_CashierPassword">
    <skipped/>
  </testcase> <!-- check_withdrawlock -->
  <testcase name="check_depositLock" classname="testCases.Validate_CashierPassword">
    <skipped/>
  </testcase> <!-- check_depositLock -->
  <testcase name="TestNotMoreThanPrevious" classname="testCases.Validate_SelfExclusionPage">
    <skipped/>
  </testcase> <!-- TestNotMoreThanPrevious -->
</testsuite> <!-- testCases.Validate_FinancialAssessmentFields -->
