<?xml version="1.0" encoding="UTF-8"?>
<!-- Generated by org.testng.reporters.JUnitReportReporter -->
<testsuite name="testCases.Validate_CashierPassword" tests="9" time="92.800" ignored="8" failures="0" timestamp="20 Jul 2017 09:09:14 GMT" skipped="0" hostname="ehtesham-HP-ProBook-4540s" errors="0">
  <testcase name="NavigateToCashierPasswordPage" time="10.813" classname="testCases.Validate_CashierPassword"/>
  <testcase name="check_diffPass" time="8.828" classname="testCases.Validate_CashierPassword"/>
  <testcase name="check_samePass" time="9.190" classname="testCases.Validate_CashierPassword"/>
  <testcase name="check_minpass" time="8.244" classname="testCases.Validate_CashierPassword"/>
  <testcase name="check_emptyField" time="10.541" classname="testCases.Validate_CashierPassword"/>
  <testcase name="check_invPass" time="8.908" classname="testCases.Validate_CashierPassword"/>
  <testcase name="Login" time="11.342" classname="testCases.Validate_CashierPassword"/>
  <testcase name="update_cshrPass" time="7.898" classname="testCases.Validate_CashierPassword"/>
  <testcase name="unlock" time="17.036" classname="testCases.Validate_CashierPassword"/>
  <testcase name="Login" classname="testCases.Validate_ResourcesPage">
    <skipped/>
  </testcase> <!-- Login -->
  <testcase name="loginMF" classname="testCases.Validate_ResourcesPage">
    <skipped/>
  </testcase> <!-- loginMF -->
  <testcase name="loginMX" classname="testCases.Validate_ResourcesPage">
    <skipped/>
  </testcase> <!-- loginMX -->
  <testcase name="Test_Limits_MaxAccountBalance" classname="testCases.Validate_Limits">
    <skipped/>
  </testcase> <!-- Test_Limits_MaxAccountBalance -->
  <testcase name="testEmailEmpty" classname="testCases.Validate_LostPassword">
    <skipped/>
  </testcase> <!-- testEmailEmpty -->
  <testcase name="check_withdrawlock" classname="testCases.Validate_CashierPassword">
    <skipped/>
  </testcase> <!-- check_withdrawlock -->
  <testcase name="check_depositLock" classname="testCases.Validate_CashierPassword">
    <skipped/>
  </testcase> <!-- check_depositLock -->
  <testcase name="TestNotMoreThanPrevious" classname="testCases.Validate_SelfExclusionPage">
    <skipped/>
  </testcase> <!-- TestNotMoreThanPrevious -->
</testsuite> <!-- testCases.Validate_CashierPassword -->
