<?xml version="1.0" encoding="UTF-8"?>
<!-- Generated by org.testng.reporters.JUnitReportReporter -->
<testsuite name="testCases.Validate_NewAccount" tests="4" time="162.282" ignored="0" failures="0" timestamp="06 Jun 2017 13:59:48 GMT" skipped="0" hostname="v2cloud-pc" errors="0">
  <testcase name="Validate_EmailField" time="1.758" classname="testCases.Validate_NewAccount"/>
  <testcase name="NewClientRegistration" time="76.858" classname="testCases.Validate_NewAccount"/>
  <testcase name="Validate_VerificationInfo" time="81.657" classname="testCases.Validate_NewAccount"/>
  <testcase name="SetServer" time="2.009" classname="testCases.Validate_NewAccount"/>
</testsuite> <!-- testCases.Validate_NewAccount -->
