<?xml version="1.0" encoding="UTF-8"?>
<!-- Generated by org.testng.reporters.JUnitReportReporter -->
<testsuite name="testCases.Validate_LoginHistoryPage" tests="7" time="20.043" ignored="8" failures="0" timestamp="17 Jul 2017 08:39:14 GMT" skipped="0" hostname="ehtesham-HP-ProBook-4540s" errors="0">
  <testcase name="reset_Login" time="8.615" classname="testCases.Validate_LoginHistoryPage"/>
  <testcase name="logout" time="3.243" classname="testCases.Validate_LoginHistoryPage"/>
  <testcase name="CheckTotalRows" time="0.078" classname="testCases.Validate_LoginHistoryPage"/>
  <testcase name="Login" time="1.729" classname="testCases.Validate_LoginHistoryPage"/>
  <testcase name="NavigateToLoginHistoryPage" time="3.620" classname="testCases.Validate_LoginHistoryPage"/>
  <testcase name="Check_NewEntries" time="0.597" classname="testCases.Validate_LoginHistoryPage"/>
  <testcase name="A_Login_IncorrectPassword" time="2.161" classname="testCases.Validate_LoginHistoryPage"/>
  <testcase name="Login" classname="testCases.Validate_ResourcesPage">
    <skipped/>
  </testcase> <!-- Login -->
  <testcase name="loginMF" classname="testCases.Validate_ResourcesPage">
    <skipped/>
  </testcase> <!-- loginMF -->
  <testcase name="loginMX" classname="testCases.Validate_ResourcesPage">
    <skipped/>
  </testcase> <!-- loginMX -->
  <testcase name="testEmailEmpty" classname="testCases.Validate_LostPassword">
    <skipped/>
  </testcase> <!-- testEmailEmpty -->
  <testcase name="TestNotMoreThanPrevious" classname="testCases.Validate_SelfExclusionPage">
    <skipped/>
  </testcase> <!-- TestNotMoreThanPrevious -->
  <testcase name="Test_Limits_MaxAccountBalance" classname="testCases.Validate_Limits">
    <skipped/>
  </testcase> <!-- Test_Limits_MaxAccountBalance -->
  <testcase name="check_withdrawlock" classname="testCases.Validate_CashierPassword">
    <skipped/>
  </testcase> <!-- check_withdrawlock -->
  <testcase name="check_depositLock" classname="testCases.Validate_CashierPassword">
    <skipped/>
  </testcase> <!-- check_depositLock -->
</testsuite> <!-- testCases.Validate_LoginHistoryPage -->
