<?xml version="1.0" encoding="UTF-8"?>
<!-- Generated by org.testng.reporters.JUnitReportReporter -->
<testsuite name="testCases.Validate_ChangePasswordPage" tests="10" time="31.772" ignored="0" failures="0" timestamp="18 Jul 2017 03:34:27 GMT" skipped="0" hostname="ehtesham-HP-ProBook-4540s" errors="0">
  <testcase name="Test_ChangeToOriginalPassword" time="8.096" classname="testCases.Validate_ChangePasswordPage"/>
  <testcase name="Test_IncorrectOldPassword_Validation" time="1.232" classname="testCases.Validate_ChangePasswordPage"/>
  <testcase name="Test_ChangeCurrentPassword" time="3.389" classname="testCases.Validate_ChangePasswordPage"/>
  <testcase name="NavigateToChangePasswordPage" time="3.916" classname="testCases.Validate_ChangePasswordPage"/>
  <testcase name="Login" time="11.622" classname="testCases.Validate_ChangePasswordPage"/>
  <testcase name="Test_RequiredFields_Validation" time="1.295" classname="testCases.Validate_ChangePasswordPage"/>
  <testcase name="Test_HintMessage_Validation" time="0.115" classname="testCases.Validate_ChangePasswordPage"/>
  <testcase name="Test_WeakPassword_Validation" time="0.755" classname="testCases.Validate_ChangePasswordPage"/>
  <testcase name="Test_MinChars_Validation" time="0.747" classname="testCases.Validate_ChangePasswordPage"/>
  <testcase name="Test_DiffPasswords_Validation" time="0.605" classname="testCases.Validate_ChangePasswordPage"/>
</testsuite> <!-- testCases.Validate_ChangePasswordPage -->
