<?xml version="1.0" encoding="UTF-8"?>
<!-- Generated by org.testng.reporters.JUnitReportReporter -->
<testsuite name="testCases.Dummy_Practice" tests="2" time="223.913" ignored="0" failures="0" timestamp="12 May 2017 03:06:41 GMT" skipped="0" hostname="v2cloud-pc" errors="0">
  <testcase name="SetServer" time="0.000" classname="testCases.Dummy_Practice"/>
  <testcase name="DummyTestCookie" time="223.913" classname="testCases.Dummy_Practice"/>
</testsuite> <!-- testCases.Dummy_Practice -->
