<?xml version="1.0" encoding="UTF-8"?>
<!-- Generated by org.testng.reporters.JUnitReportReporter -->
<testsuite name="testCases.Validate_SetFinancialAssessment" tests="4" time="15.911" ignored="8" failures="0" timestamp="17 Jul 2017 08:39:14 GMT" skipped="0" hostname="ehtesham-HP-ProBook-4540s" errors="0">
  <testcase name="A_Login" time="7.881" classname="testCases.Validate_SetFinancialAssessment"/>
  <testcase name="B_NavigateToFinancialAssessmentPage" time="3.078" classname="testCases.Validate_SetFinancialAssessment"/>
  <testcase name="C_Set_FinancialAssessment" time="3.507" classname="testCases.Validate_SetFinancialAssessment"/>
  <testcase name="D_Logout" time="1.445" classname="testCases.Validate_SetFinancialAssessment"/>
  <testcase name="Login" classname="testCases.Validate_ResourcesPage">
    <skipped/>
  </testcase> <!-- Login -->
  <testcase name="loginMF" classname="testCases.Validate_ResourcesPage">
    <skipped/>
  </testcase> <!-- loginMF -->
  <testcase name="loginMX" classname="testCases.Validate_ResourcesPage">
    <skipped/>
  </testcase> <!-- loginMX -->
  <testcase name="testEmailEmpty" classname="testCases.Validate_LostPassword">
    <skipped/>
  </testcase> <!-- testEmailEmpty -->
  <testcase name="TestNotMoreThanPrevious" classname="testCases.Validate_SelfExclusionPage">
    <skipped/>
  </testcase> <!-- TestNotMoreThanPrevious -->
  <testcase name="Test_Limits_MaxAccountBalance" classname="testCases.Validate_Limits">
    <skipped/>
  </testcase> <!-- Test_Limits_MaxAccountBalance -->
  <testcase name="check_withdrawlock" classname="testCases.Validate_CashierPassword">
    <skipped/>
  </testcase> <!-- check_withdrawlock -->
  <testcase name="check_depositLock" classname="testCases.Validate_CashierPassword">
    <skipped/>
  </testcase> <!-- check_depositLock -->
</testsuite> <!-- testCases.Validate_SetFinancialAssessment -->
