<?xml version="1.0" encoding="UTF-8"?>
<!-- Generated by org.testng.reporters.JUnitReportReporter -->
<testsuite name="testCases.Validate_ChangePasswordPage" tests="10" time="37.426" ignored="0" failures="0" timestamp="06 Jun 2017 13:59:48 GMT" skipped="0" hostname="v2cloud-pc" errors="0">
  <testcase name="Test_MinChars_Validation" time="1.972" classname="testCases.Validate_ChangePasswordPage"/>
  <testcase name="Test_RequiredFields_Validation" time="2.735" classname="testCases.Validate_ChangePasswordPage"/>
  <testcase name="Test_DiffPasswords_Validation" time="1.690" classname="testCases.Validate_ChangePasswordPage"/>
  <testcase name="NavigateToChangePasswordPage" time="6.880" classname="testCases.Validate_ChangePasswordPage"/>
  <testcase name="Login" time="2.495" classname="testCases.Validate_ChangePasswordPage"/>
  <testcase name="Test_HintMessage_Validation" time="0.205" classname="testCases.Validate_ChangePasswordPage"/>
  <testcase name="Test_WeakPassword_Validation" time="1.971" classname="testCases.Validate_ChangePasswordPage"/>
  <testcase name="Test_ChangeToOriginalPassword" time="12.214" classname="testCases.Validate_ChangePasswordPage"/>
  <testcase name="Test_ChangeCurrentPassword" time="4.616" classname="testCases.Validate_ChangePasswordPage"/>
  <testcase name="Test_IncorrectOldPassword_Validation" time="2.648" classname="testCases.Validate_ChangePasswordPage"/>
</testsuite> <!-- testCases.Validate_ChangePasswordPage -->
