<?xml version="1.0" encoding="UTF-8"?>
<!-- Generated by org.testng.reporters.JUnitReportReporter -->
<testsuite name="testCases.Dummy_test" tests="1" time="19.789" ignored="0" failures="0" timestamp="19 Jul 2017 07:51:16 GMT" skipped="0" hostname="ehtesham-HP-ProBook-4540s" errors="0">
  <testcase name="dummytest" time="19.789" classname="testCases.Dummy_test"/>
</testsuite> <!-- testCases.Dummy_test -->
