<?xml version="1.0" encoding="UTF-8"?>
<!-- Generated by org.testng.reporters.JUnitReportReporter -->
<testsuite name="testCases.Validate_LoginPage" tests="4" time="17.401" ignored="0" failures="0" timestamp="06 Jun 2017 13:59:49 GMT" skipped="0" hostname="v2cloud-pc" errors="0">
  <testcase name="A_Launch" time="7.779" classname="testCases.Validate_LoginPage"/>
  <testcase name="C_Logout" time="2.107" classname="testCases.Validate_LoginPage"/>
  <testcase name="D_Login_IncorrectPassword" time="4.212" classname="testCases.Validate_LoginPage"/>
  <testcase name="B_Login" time="3.303" classname="testCases.Validate_LoginPage"/>
</testsuite> <!-- testCases.Validate_LoginPage -->
