<?xml version="1.0" encoding="UTF-8"?>
<!-- Generated by org.testng.reporters.JUnitReportReporter -->
<testsuite name="testCases.Validate_APITokenPage" tests="9" time="60.225" ignored="8" failures="0" timestamp="20 Jul 2017 09:09:14 GMT" skipped="0" hostname="ehtesham-HP-ProBook-4540s" errors="0">
  <testcase name="DuplicateName" time="9.017" classname="testCases.Validate_APITokenPage"/>
  <testcase name="AddNewToken" time="11.957" classname="testCases.Validate_APITokenPage"/>
  <testcase name="NavigateToAPITokenPage" time="8.401" classname="testCases.Validate_APITokenPage"/>
  <testcase name="CheckInvalidName" time="4.054" classname="testCases.Validate_APITokenPage"/>
  <testcase name="CheckPageLoad" time="1.690" classname="testCases.Validate_APITokenPage"/>
  <testcase name="CheckScopeValidation" time="6.440" classname="testCases.Validate_APITokenPage"/>
  <testcase name="CheckMinChar" time="4.228" classname="testCases.Validate_APITokenPage"/>
  <testcase name="Login" time="12.508" classname="testCases.Validate_APITokenPage"/>
  <testcase name="DeleteToken" time="1.930" classname="testCases.Validate_APITokenPage"/>
  <testcase name="Login" classname="testCases.Validate_ResourcesPage">
    <skipped/>
  </testcase> <!-- Login -->
  <testcase name="loginMF" classname="testCases.Validate_ResourcesPage">
    <skipped/>
  </testcase> <!-- loginMF -->
  <testcase name="loginMX" classname="testCases.Validate_ResourcesPage">
    <skipped/>
  </testcase> <!-- loginMX -->
  <testcase name="Test_Limits_MaxAccountBalance" classname="testCases.Validate_Limits">
    <skipped/>
  </testcase> <!-- Test_Limits_MaxAccountBalance -->
  <testcase name="testEmailEmpty" classname="testCases.Validate_LostPassword">
    <skipped/>
  </testcase> <!-- testEmailEmpty -->
  <testcase name="check_withdrawlock" classname="testCases.Validate_CashierPassword">
    <skipped/>
  </testcase> <!-- check_withdrawlock -->
  <testcase name="check_depositLock" classname="testCases.Validate_CashierPassword">
    <skipped/>
  </testcase> <!-- check_depositLock -->
  <testcase name="TestNotMoreThanPrevious" classname="testCases.Validate_SelfExclusionPage">
    <skipped/>
  </testcase> <!-- TestNotMoreThanPrevious -->
</testsuite> <!-- testCases.Validate_APITokenPage -->
