<?xml version="1.0" encoding="UTF-8"?>
<!-- Generated by org.testng.reporters.JUnitReportReporter -->
<testsuite name="testCases.Dummy_Practice" tests="2" time="159.421" ignored="0" failures="0" timestamp="16 May 2017 02:15:39 GMT" skipped="0" hostname="v2cloud-pc" errors="0">
  <testcase name="DummyTestCookie" time="159.419" classname="testCases.Dummy_Practice"/>
  <testcase name="SetServer" time="0.002" classname="testCases.Dummy_Practice"/>
</testsuite> <!-- testCases.Dummy_Practice -->
