<?xml version="1.0" encoding="UTF-8"?>
<!-- Generated by org.testng.reporters.JUnitReportReporter -->
<testsuite name="testCases.Validate_LoginHistoryPage" tests="7" time="55.104" ignored="8" failures="0" timestamp="20 Jul 2017 09:09:14 GMT" skipped="0" hostname="ehtesham-HP-ProBook-4540s" errors="0">
  <testcase name="CheckTotalRows" time="1.662" classname="testCases.Validate_LoginHistoryPage"/>
  <testcase name="A_Login_IncorrectPassword" time="10.124" classname="testCases.Validate_LoginHistoryPage"/>
  <testcase name="Login" time="10.709" classname="testCases.Validate_LoginHistoryPage"/>
  <testcase name="NavigateToLoginHistoryPage" time="8.021" classname="testCases.Validate_LoginHistoryPage"/>
  <testcase name="Check_NewEntries" time="5.710" classname="testCases.Validate_LoginHistoryPage"/>
  <testcase name="logout" time="6.911" classname="testCases.Validate_LoginHistoryPage"/>
  <testcase name="reset_Login" time="11.967" classname="testCases.Validate_LoginHistoryPage"/>
  <testcase name="Login" classname="testCases.Validate_ResourcesPage">
    <skipped/>
  </testcase> <!-- Login -->
  <testcase name="loginMF" classname="testCases.Validate_ResourcesPage">
    <skipped/>
  </testcase> <!-- loginMF -->
  <testcase name="loginMX" classname="testCases.Validate_ResourcesPage">
    <skipped/>
  </testcase> <!-- loginMX -->
  <testcase name="Test_Limits_MaxAccountBalance" classname="testCases.Validate_Limits">
    <skipped/>
  </testcase> <!-- Test_Limits_MaxAccountBalance -->
  <testcase name="testEmailEmpty" classname="testCases.Validate_LostPassword">
    <skipped/>
  </testcase> <!-- testEmailEmpty -->
  <testcase name="check_withdrawlock" classname="testCases.Validate_CashierPassword">
    <skipped/>
  </testcase> <!-- check_withdrawlock -->
  <testcase name="check_depositLock" classname="testCases.Validate_CashierPassword">
    <skipped/>
  </testcase> <!-- check_depositLock -->
  <testcase name="TestNotMoreThanPrevious" classname="testCases.Validate_SelfExclusionPage">
    <skipped/>
  </testcase> <!-- TestNotMoreThanPrevious -->
</testsuite> <!-- testCases.Validate_LoginHistoryPage -->
