<?xml version="1.0" encoding="UTF-8"?>
<!-- Generated by org.testng.reporters.JUnitReportReporter -->
<testsuite name="testCases.Validate_WithdrawalToken" tests="1" time="36.906" ignored="0" failures="0" timestamp="19 Jul 2017 08:58:31 GMT" skipped="0" hostname="ehtesham-HP-ProBook-4540s" errors="0">
  <testcase name="A_TestWithdrawalNotification" time="36.906" classname="testCases.Validate_WithdrawalToken"/>
</testsuite> <!-- testCases.Validate_WithdrawalToken -->
