<?xml version="1.0" encoding="UTF-8"?>
<!-- Generated by org.testng.reporters.JUnitReportReporter -->
<testsuite name="testCases.Validate_NewAccountOnQaServer" tests="3" time="122.935" ignored="0" failures="0" timestamp="06 Jun 2017 13:59:48 GMT" skipped="0" hostname="v2cloud-pc" errors="0">
  <testcase name="UpgradeToRealAccount" time="20.875" classname="testCases.Validate_NewAccountOnQaServer"/>
  <testcase name="GrantUpgradedUserPermissons" time="5.868" classname="testCases.Validate_NewAccountOnQaServer"/>
  <testcase name="NewClientRegistrationOnQaServer" time="96.192" classname="testCases.Validate_NewAccountOnQaServer"/>
</testsuite> <!-- testCases.Validate_NewAccountOnQaServer -->
