<?xml version="1.0" encoding="UTF-8"?>
<!-- Generated by org.testng.reporters.JUnitReportReporter -->
<testsuite name="testCases.Validate_FinancialAssessmentFields" tests="19" time="48.671" ignored="0" failures="0" timestamp="12 Apr 2017 05:37:43 GMT" skipped="0" hostname="binary01-Inspiron-530" errors="0">
  <testcase name="Test_OtherTradingExperience" time="2.003" classname="testCases.Validate_FinancialAssessmentFields"/>
  <testcase name="Test_CommoditiesTradingExperience" time="1.939" classname="testCases.Validate_FinancialAssessmentFields"/>
  <testcase name="Test_OtherDerivatiesTradingFrequency" time="2.071" classname="testCases.Validate_FinancialAssessmentFields"/>
  <testcase name="Test_CommoditiesTradingFrequency" time="2.015" classname="testCases.Validate_FinancialAssessmentFields"/>
  <testcase name="Test_IndicesTradingFrequency" time="1.919" classname="testCases.Validate_FinancialAssessmentFields"/>
  <testcase name="Test_Education" time="1.824" classname="testCases.Validate_FinancialAssessmentFields"/>
  <testcase name="NavigateToFinancialAssessmentPage" time="3.364" classname="testCases.Validate_FinancialAssessmentFields"/>
  <testcase name="Test_AnnualIncome" time="1.873" classname="testCases.Validate_FinancialAssessmentFields"/>
  <testcase name="Test_ForexTradingExperience" time="5.274" classname="testCases.Validate_FinancialAssessmentFields"/>
  <testcase name="Test_ForexTradingFrequency" time="2.092" classname="testCases.Validate_FinancialAssessmentFields"/>
  <testcase name="Test_StocksTradingFrequency" time="1.802" classname="testCases.Validate_FinancialAssessmentFields"/>
  <testcase name="Login" time="9.127" classname="testCases.Validate_FinancialAssessmentFields"/>
  <testcase name="Test_OtherDerivativesTradingExperience" time="1.940" classname="testCases.Validate_FinancialAssessmentFields"/>
  <testcase name="Test_IndicesTradingExperience" time="1.967" classname="testCases.Validate_FinancialAssessmentFields"/>
  <testcase name="Test_IndustryEmployment" time="2.001" classname="testCases.Validate_FinancialAssessmentFields"/>
  <testcase name="Test_StocksTradingExperience" time="1.846" classname="testCases.Validate_FinancialAssessmentFields"/>
  <testcase name="Test_OtherTradingFrequency" time="1.971" classname="testCases.Validate_FinancialAssessmentFields"/>
  <testcase name="Test_Occupation" time="1.876" classname="testCases.Validate_FinancialAssessmentFields"/>
  <testcase name="Test_NetWorth" time="1.767" classname="testCases.Validate_FinancialAssessmentFields"/>
</testsuite> <!-- testCases.Validate_FinancialAssessmentFields -->
