<?xml version="1.0" encoding="UTF-8"?>
<!-- Generated by org.testng.reporters.JUnitReportReporter -->
<testsuite name="testCases.Validate_ChangePasswordPage" tests="10" time="25.219" ignored="8" failures="0" timestamp="19 Jul 2017 09:24:14 GMT" skipped="0" hostname="ehtesham-HP-ProBook-4540s" errors="0">
  <testcase name="NavigateToChangePasswordPage" time="3.350" classname="testCases.Validate_ChangePasswordPage"/>
  <testcase name="Test_ChangeToOriginalPassword" time="6.484" classname="testCases.Validate_ChangePasswordPage"/>
  <testcase name="Test_HintMessage_Validation" time="0.138" classname="testCases.Validate_ChangePasswordPage"/>
  <testcase name="Login" time="8.144" classname="testCases.Validate_ChangePasswordPage"/>
  <testcase name="Test_WeakPassword_Validation" time="0.561" classname="testCases.Validate_ChangePasswordPage"/>
  <testcase name="Test_RequiredFields_Validation" time="1.048" classname="testCases.Validate_ChangePasswordPage"/>
  <testcase name="Test_IncorrectOldPassword_Validation" time="1.075" classname="testCases.Validate_ChangePasswordPage"/>
  <testcase name="Test_DiffPasswords_Validation" time="0.552" classname="testCases.Validate_ChangePasswordPage"/>
  <testcase name="Test_MinChars_Validation" time="0.493" classname="testCases.Validate_ChangePasswordPage"/>
  <testcase name="Test_ChangeCurrentPassword" time="3.374" classname="testCases.Validate_ChangePasswordPage"/>
  <testcase name="testEmailEmpty" classname="testCases.Validate_LostPassword">
    <skipped/>
  </testcase> <!-- testEmailEmpty -->
  <testcase name="Test_Limits_MaxAccountBalance" classname="testCases.Validate_Limits">
    <skipped/>
  </testcase> <!-- Test_Limits_MaxAccountBalance -->
  <testcase name="Login" classname="testCases.Validate_ResourcesPage">
    <skipped/>
  </testcase> <!-- Login -->
  <testcase name="loginMF" classname="testCases.Validate_ResourcesPage">
    <skipped/>
  </testcase> <!-- loginMF -->
  <testcase name="loginMX" classname="testCases.Validate_ResourcesPage">
    <skipped/>
  </testcase> <!-- loginMX -->
  <testcase name="TestNotMoreThanPrevious" classname="testCases.Validate_SelfExclusionPage">
    <skipped/>
  </testcase> <!-- TestNotMoreThanPrevious -->
  <testcase name="check_withdrawlock" classname="testCases.Validate_CashierPassword">
    <skipped/>
  </testcase> <!-- check_withdrawlock -->
  <testcase name="check_depositLock" classname="testCases.Validate_CashierPassword">
    <skipped/>
  </testcase> <!-- check_depositLock -->
</testsuite> <!-- testCases.Validate_ChangePasswordPage -->
