<?xml version="1.0" encoding="UTF-8"?>
<!-- Generated by org.testng.reporters.JUnitReportReporter -->
<testsuite name="testCases.Validate_CashierPassword" tests="9" time="19.839" ignored="8" failures="0" timestamp="17 Jul 2017 08:39:14 GMT" skipped="0" hostname="ehtesham-HP-ProBook-4540s" errors="0">
  <testcase name="update_cshrPass" time="0.962" classname="testCases.Validate_CashierPassword"/>
  <testcase name="unlock" time="2.294" classname="testCases.Validate_CashierPassword"/>
  <testcase name="check_diffPass" time="0.428" classname="testCases.Validate_CashierPassword"/>
  <testcase name="check_invPass" time="0.453" classname="testCases.Validate_CashierPassword"/>
  <testcase name="NavigateToCashierPasswordPage" time="5.407" classname="testCases.Validate_CashierPassword"/>
  <testcase name="check_emptyField" time="0.791" classname="testCases.Validate_CashierPassword"/>
  <testcase name="check_samePass" time="1.006" classname="testCases.Validate_CashierPassword"/>
  <testcase name="Login" time="8.152" classname="testCases.Validate_CashierPassword"/>
  <testcase name="check_minpass" time="0.346" classname="testCases.Validate_CashierPassword"/>
  <testcase name="Login" classname="testCases.Validate_ResourcesPage">
    <skipped/>
  </testcase> <!-- Login -->
  <testcase name="loginMF" classname="testCases.Validate_ResourcesPage">
    <skipped/>
  </testcase> <!-- loginMF -->
  <testcase name="loginMX" classname="testCases.Validate_ResourcesPage">
    <skipped/>
  </testcase> <!-- loginMX -->
  <testcase name="testEmailEmpty" classname="testCases.Validate_LostPassword">
    <skipped/>
  </testcase> <!-- testEmailEmpty -->
  <testcase name="TestNotMoreThanPrevious" classname="testCases.Validate_SelfExclusionPage">
    <skipped/>
  </testcase> <!-- TestNotMoreThanPrevious -->
  <testcase name="Test_Limits_MaxAccountBalance" classname="testCases.Validate_Limits">
    <skipped/>
  </testcase> <!-- Test_Limits_MaxAccountBalance -->
  <testcase name="check_withdrawlock" classname="testCases.Validate_CashierPassword">
    <skipped/>
  </testcase> <!-- check_withdrawlock -->
  <testcase name="check_depositLock" classname="testCases.Validate_CashierPassword">
    <skipped/>
  </testcase> <!-- check_depositLock -->
</testsuite> <!-- testCases.Validate_CashierPassword -->
