<?xml version="1.0" encoding="UTF-8"?>
<!-- Generated by org.testng.reporters.JUnitReportReporter -->
<testsuite name="testCases.Validate_ResourcesPage" tests="8" time="11.603" ignored="8" failures="0" timestamp="19 Jul 2017 09:24:14 GMT" skipped="0" hostname="ehtesham-HP-ProBook-4540s" errors="0">
  <testcase name="check_AssetIndex" time="0.238" classname="testCases.Validate_ResourcesPage"/>
  <testcase name="check_IndicesMarket" time="1.056" classname="testCases.Validate_ResourcesPage"/>
  <testcase name="check_CommoditiesMarket" time="0.363" classname="testCases.Validate_ResourcesPage"/>
  <testcase name="resourcePage" time="5.453" classname="testCases.Validate_ResourcesPage"/>
  <testcase name="checkTitle" time="0.546" classname="testCases.Validate_ResourcesPage"/>
  <testcase name="check_ForexMarket" time="2.429" classname="testCases.Validate_ResourcesPage"/>
  <testcase name="check_OTCMarket" time="1.210" classname="testCases.Validate_ResourcesPage"/>
  <testcase name="check_VolatilityMarket" time="0.308" classname="testCases.Validate_ResourcesPage"/>
  <testcase name="testEmailEmpty" classname="testCases.Validate_LostPassword">
    <skipped/>
  </testcase> <!-- testEmailEmpty -->
  <testcase name="Test_Limits_MaxAccountBalance" classname="testCases.Validate_Limits">
    <skipped/>
  </testcase> <!-- Test_Limits_MaxAccountBalance -->
  <testcase name="Login" classname="testCases.Validate_ResourcesPage">
    <skipped/>
  </testcase> <!-- Login -->
  <testcase name="loginMF" classname="testCases.Validate_ResourcesPage">
    <skipped/>
  </testcase> <!-- loginMF -->
  <testcase name="loginMX" classname="testCases.Validate_ResourcesPage">
    <skipped/>
  </testcase> <!-- loginMX -->
  <testcase name="TestNotMoreThanPrevious" classname="testCases.Validate_SelfExclusionPage">
    <skipped/>
  </testcase> <!-- TestNotMoreThanPrevious -->
  <testcase name="check_withdrawlock" classname="testCases.Validate_CashierPassword">
    <skipped/>
  </testcase> <!-- check_withdrawlock -->
  <testcase name="check_depositLock" classname="testCases.Validate_CashierPassword">
    <skipped/>
  </testcase> <!-- check_depositLock -->
</testsuite> <!-- testCases.Validate_ResourcesPage -->
