<?xml version="1.0" encoding="UTF-8"?>
<!-- Generated by org.testng.reporters.JUnitReportReporter -->
<testsuite name="testCases.Validate_AuthorisedApplications" tests="8" time="23.813" ignored="8" failures="0" timestamp="17 Jul 2017 08:39:14 GMT" skipped="0" hostname="ehtesham-HP-ProBook-4540s" errors="0">
  <testcase name="grant" time="4.352" classname="testCases.Validate_AuthorisedApplications"/>
  <testcase name="login" time="4.076" classname="testCases.Validate_AuthorisedApplications"/>
  <testcase name="CheckPageLoad" time="0.265" classname="testCases.Validate_AuthorisedApplications"/>
  <testcase name="NavigateToAuthorisedAppsPage" time="3.125" classname="testCases.Validate_AuthorisedApplications"/>
  <testcase name="Login" time="7.744" classname="testCases.Validate_AuthorisedApplications"/>
  <testcase name="revoke_authapps" time="0.757" classname="testCases.Validate_AuthorisedApplications"/>
  <testcase name="checkReviewPage" time="0.238" classname="testCases.Validate_AuthorisedApplications"/>
  <testcase name="reject" time="3.256" classname="testCases.Validate_AuthorisedApplications"/>
  <testcase name="Login" classname="testCases.Validate_ResourcesPage">
    <skipped/>
  </testcase> <!-- Login -->
  <testcase name="loginMF" classname="testCases.Validate_ResourcesPage">
    <skipped/>
  </testcase> <!-- loginMF -->
  <testcase name="loginMX" classname="testCases.Validate_ResourcesPage">
    <skipped/>
  </testcase> <!-- loginMX -->
  <testcase name="testEmailEmpty" classname="testCases.Validate_LostPassword">
    <skipped/>
  </testcase> <!-- testEmailEmpty -->
  <testcase name="TestNotMoreThanPrevious" classname="testCases.Validate_SelfExclusionPage">
    <skipped/>
  </testcase> <!-- TestNotMoreThanPrevious -->
  <testcase name="Test_Limits_MaxAccountBalance" classname="testCases.Validate_Limits">
    <skipped/>
  </testcase> <!-- Test_Limits_MaxAccountBalance -->
  <testcase name="check_withdrawlock" classname="testCases.Validate_CashierPassword">
    <skipped/>
  </testcase> <!-- check_withdrawlock -->
  <testcase name="check_depositLock" classname="testCases.Validate_CashierPassword">
    <skipped/>
  </testcase> <!-- check_depositLock -->
</testsuite> <!-- testCases.Validate_AuthorisedApplications -->
