<?xml version="1.0" encoding="UTF-8"?>
<!-- Generated by org.testng.reporters.JUnitReportReporter -->
<testsuite name="testCases.Validate_PersonalDetailsPage" tests="13" time="25.119" ignored="0" failures="0" timestamp="06 Jun 2017 13:59:48 GMT" skipped="0" hostname="v2cloud-pc" errors="0">
  <testcase name="NavigateToPersonalDetailsPage" time="2.951" classname="testCases.Validate_PersonalDetailsPage"/>
  <testcase name="Login" time="4.240" classname="testCases.Validate_PersonalDetailsPage"/>
  <testcase name="Test_Telephone_EmptyField" time="0.723" classname="testCases.Validate_PersonalDetailsPage"/>
  <testcase name="Test_ZipCode_InvalidChars" time="1.214" classname="testCases.Validate_PersonalDetailsPage"/>
  <testcase name="Test_TaxResidence_EmptyField" time="2.367" classname="testCases.Validate_PersonalDetailsPage"/>
  <testcase name="Test_AddressLine1_InvalidChars" time="1.150" classname="testCases.Validate_PersonalDetailsPage"/>
  <testcase name="Test_Telephone_LessChars" time="0.863" classname="testCases.Validate_PersonalDetailsPage"/>
  <testcase name="Test_TaxId_EmptyField" time="1.007" classname="testCases.Validate_PersonalDetailsPage"/>
  <testcase name="Test_AddressCity_EmptyField" time="0.844" classname="testCases.Validate_PersonalDetailsPage"/>
  <testcase name="Test_AddressLine1_EmptyField" time="0.842" classname="testCases.Validate_PersonalDetailsPage"/>
  <testcase name="SetPersonalDetailsFields" time="6.688" classname="testCases.Validate_PersonalDetailsPage"/>
  <testcase name="Test_AddressCity_InvalidChars" time="1.172" classname="testCases.Validate_PersonalDetailsPage"/>
  <testcase name="Test_Telephone_InvalidChars" time="1.058" classname="testCases.Validate_PersonalDetailsPage"/>
</testsuite> <!-- testCases.Validate_PersonalDetailsPage -->
