<?xml version="1.0" encoding="UTF-8"?>
<!-- Generated by org.testng.reporters.JUnitReportReporter -->
<testsuite name="testCases.Validate_SelfExclusionPage" tests="5" time="15.689" ignored="8" failures="0" timestamp="19 Jul 2017 09:24:14 GMT" skipped="0" hostname="ehtesham-HP-ProBook-4540s" errors="0">
  <testcase name="Refresh" time="1.004" classname="testCases.Validate_SelfExclusionPage"/>
  <testcase name="TestRequiredFieldDate" time="0.571" classname="testCases.Validate_SelfExclusionPage"/>
  <testcase name="NavigateToSelfExclusionPage" time="2.418" classname="testCases.Validate_SelfExclusionPage"/>
  <testcase name="TestValidNumber" time="3.859" classname="testCases.Validate_SelfExclusionPage"/>
  <testcase name="Login" time="7.837" classname="testCases.Validate_SelfExclusionPage"/>
  <testcase name="testEmailEmpty" classname="testCases.Validate_LostPassword">
    <skipped/>
  </testcase> <!-- testEmailEmpty -->
  <testcase name="Test_Limits_MaxAccountBalance" classname="testCases.Validate_Limits">
    <skipped/>
  </testcase> <!-- Test_Limits_MaxAccountBalance -->
  <testcase name="Login" classname="testCases.Validate_ResourcesPage">
    <skipped/>
  </testcase> <!-- Login -->
  <testcase name="loginMF" classname="testCases.Validate_ResourcesPage">
    <skipped/>
  </testcase> <!-- loginMF -->
  <testcase name="loginMX" classname="testCases.Validate_ResourcesPage">
    <skipped/>
  </testcase> <!-- loginMX -->
  <testcase name="TestNotMoreThanPrevious" classname="testCases.Validate_SelfExclusionPage">
    <skipped/>
  </testcase> <!-- TestNotMoreThanPrevious -->
  <testcase name="check_withdrawlock" classname="testCases.Validate_CashierPassword">
    <skipped/>
  </testcase> <!-- check_withdrawlock -->
  <testcase name="check_depositLock" classname="testCases.Validate_CashierPassword">
    <skipped/>
  </testcase> <!-- check_depositLock -->
</testsuite> <!-- testCases.Validate_SelfExclusionPage -->
