<?xml version="1.0" encoding="UTF-8"?>
<!-- Generated by org.testng.reporters.JUnitReportReporter -->
<testsuite name="testCases.Validate_Limits" tests="9" time="116.626" ignored="8" failures="0" timestamp="20 Jul 2017 09:09:14 GMT" skipped="4" hostname="ehtesham-HP-ProBook-4540s" errors="3">
  <testcase name="Test_Exceed_MaxAccountBalance" time="1.314" classname="testCases.Validate_Limits">
    <skipped/>
  </testcase> <!-- Test_Exceed_MaxAccountBalance -->
  <testcase name="Test_Lower_MaxOpenPos" time="1.298" classname="testCases.Validate_Limits">
    <skipped/>
  </testcase> <!-- Test_Lower_MaxOpenPos -->
  <testcase name="Test_Lower_MaxAccountBalance" time="1.265" classname="testCases.Validate_Limits">
    <skipped/>
  </testcase> <!-- Test_Lower_MaxAccountBalance -->
  <testcase name="NavigateToLimitsPage" time="31.147" classname="testCases.Validate_Limits">
    <error type="org.openqa.selenium.TimeoutException" message="Expected condition failed: waiting for element to be clickable: By.xpath: .//*[@id=&#039;not_authenticated&#039;] (tried for 30 second(s) with 500 MILLISECONDS interval)">
      <![CDATA[org.openqa.selenium.TimeoutException: Expected condition failed: waiting for element to be clickable: By.xpath: .//*[@id='not_authenticated'] (tried for 30 second(s) with 500 MILLISECONDS interval)
	at org.openqa.selenium.support.ui.WebDriverWait.timeoutException(WebDriverWait.java:80)
	at org.openqa.selenium.support.ui.FluentWait.until(FluentWait.java:257)
	at utility.CommonFunctions.FindElementWithExplicitWait(CommonFunctions.java:32)
	at pageObjects.Authentication.txt_nonAuthedMsg(Authentication.java:17)
	at appModules.Limits_Action.checkAuth(Limits_Action.java:105)
	at testCases.Validate_Limits.NavigateToLimitsPage(Validate_Limits.java:40)
	at sun.reflect.NativeMethodAccessorImpl.invoke0(Native Method)
	at sun.reflect.NativeMethodAccessorImpl.invoke(NativeMethodAccessorImpl.java:62)
	at sun.reflect.DelegatingMethodAccessorImpl.invoke(DelegatingMethodAccessorImpl.java:43)
	at java.lang.reflect.Method.invoke(Method.java:498)
	at org.testng.internal.MethodInvocationHelper.invokeMethod(MethodInvocationHelper.java:104)
	at org.testng.internal.Invoker.invokeMethod(Invoker.java:645)
	at org.testng.internal.Invoker.invokeTestMethod(Invoker.java:851)
	at org.testng.internal.Invoker.invokeTestMethods(Invoker.java:1177)
	at org.testng.internal.TestMethodWorker.invokeTestMethods(TestMethodWorker.java:129)
	at org.testng.internal.TestMethodWorker.run(TestMethodWorker.java:112)
	at org.testng.TestRunner.privateRun(TestRunner.java:756)
	at org.testng.TestRunner.run(TestRunner.java:610)
	at org.testng.SuiteRunner.runTest(SuiteRunner.java:387)
	at org.testng.SuiteRunner.runSequentially(SuiteRunner.java:382)
	at org.testng.SuiteRunner.privateRun(SuiteRunner.java:340)
	at org.testng.SuiteRunner.run(SuiteRunner.java:289)
	at org.testng.SuiteRunnerWorker.runSuite(SuiteRunnerWorker.java:52)
	at org.testng.SuiteRunnerWorker.run(SuiteRunnerWorker.java:86)
	at org.testng.TestNG.runSuitesSequentially(TestNG.java:1293)
	at org.testng.TestNG.runSuitesLocally(TestNG.java:1218)
	at org.testng.TestNG.runSuites(TestNG.java:1133)
	at org.testng.TestNG.run(TestNG.java:1104)
	at org.testng.remote.AbstractRemoteTestNG.run(AbstractRemoteTestNG.java:132)
	at org.testng.remote.RemoteTestNG.initAndRun(RemoteTestNG.java:230)
	at org.testng.remote.RemoteTestNG.main(RemoteTestNG.java:76)
Caused by: org.openqa.selenium.NoSuchElementException: Cannot locate an element using By.xpath: .//*[@id='not_authenticated']
For documentation on this error, please visit: http://seleniumhq.org/exceptions/no_such_element.html
Build info: version: '3.1.0', revision: 'b94c902', time: '2017-02-16 12:21:31 -0800'
System info: host: 'ehtesham-HP-ProBook-4540s', ip: '127.0.1.1', os.name: 'Linux', os.arch: 'amd64', os.version: '4.4.0-75-generic', java.version: '1.8.0_131'
Driver info: driver.version: unknown
	at org.openqa.selenium.support.ui.ExpectedConditions.lambda$findElement$0(ExpectedConditions.java:896)
	at java.util.Optional.orElseThrow(Optional.java:290)
	at org.openqa.selenium.support.ui.ExpectedConditions.findElement(ExpectedConditions.java:895)
	at org.openqa.selenium.support.ui.ExpectedConditions.access$000(ExpectedConditions.java:41)
	at org.openqa.selenium.support.ui.ExpectedConditions$7.apply(ExpectedConditions.java:205)
	at org.openqa.selenium.support.ui.ExpectedConditions$7.apply(ExpectedConditions.java:201)
	at org.openqa.selenium.support.ui.ExpectedConditions$22.apply(ExpectedConditions.java:651)
	at org.openqa.selenium.support.ui.ExpectedConditions$22.apply(ExpectedConditions.java:644)
	at org.openqa.selenium.support.ui.FluentWait.until(FluentWait.java:234)
	... 29 more
]]>
    </error>
  </testcase> <!-- NavigateToLimitsPage -->
  <testcase name="Test_Exceed_MaxOpenPos" time="1.326" classname="testCases.Validate_Limits">
    <skipped/>
  </testcase> <!-- Test_Exceed_MaxOpenPos -->
  <testcase name="NavigateToPersonalDetailsPage" time="6.128" classname="testCases.Validate_Limits"/>
  <testcase name="Test_Limits_Message" time="30.447" classname="testCases.Validate_Limits">
    <error type="org.openqa.selenium.TimeoutException" message="Expected condition failed: waiting for element to be clickable: By.xpath: .//*[@id=&#039;main-account&#039;]/li/a/div[2] (tried for 30 second(s) with 500 MILLISECONDS interval)
Build info: version: &#039;3.1.0&#039;, revision: &#039;b94c902&#039;, time: &#039;2017-02-16 12:21:31 -0800&#039;
System info: host: &#039;ehtesham-HP-ProBook-4540s&#039;, ip: &#039;127.0.1.1&#039;, os.name: &#039;Linux&#039;, os.arch: &#039;amd64&#039;, os.version: &#039;4.4.0-75-generic&#039;, java.version: &#039;1.8.0_131&#039;
Driver info: org.openqa.selenium.remote.RemoteWebDriver
Capabilities [{applicationCacheEnabled=false, rotatable=false, mobileEmulationEnabled=false, networkConnectionEnabled=false, chrome={chromedriverVersion=2.30.477700 (0057494ad8732195794a7b32078424f92a5fce41), userDataDir=C:\Users\hello\AppData\Local\Temp\scoped_dir4040_3893}, takesHeapSnapshot=true, pageLoadStrategy=normal, databaseEnabled=false, handlesAlerts=true, hasTouchScreen=false, version=59.0.3071.86, platform=WINDOWS, browserConnectionEnabled=false, nativeEvents=true, acceptSslCerts=true, locationContextEnabled=true, webStorageEnabled=true, browserName=chrome, takesScreenshot=true, javascriptEnabled=true, cssSelectorsEnabled=true, unexpectedAlertBehaviour=}]
Session ID: 408961fc8e92edea70ba762c2dbfe42326d38999">
      <![CDATA[org.openqa.selenium.TimeoutException: Expected condition failed: waiting for element to be clickable: By.xpath: .//*[@id='main-account']/li/a/div[2] (tried for 30 second(s) with 500 MILLISECONDS interval)
Build info: version: '3.1.0', revision: 'b94c902', time: '2017-02-16 12:21:31 -0800'
System info: host: 'ehtesham-HP-ProBook-4540s', ip: '127.0.1.1', os.name: 'Linux', os.arch: 'amd64', os.version: '4.4.0-75-generic', java.version: '1.8.0_131'
Driver info: org.openqa.selenium.remote.RemoteWebDriver
Capabilities [{applicationCacheEnabled=false, rotatable=false, mobileEmulationEnabled=false, networkConnectionEnabled=false, chrome={chromedriverVersion=2.30.477700 (0057494ad8732195794a7b32078424f92a5fce41), userDataDir=C:\Users\hello\AppData\Local\Temp\scoped_dir4040_3893}, takesHeapSnapshot=true, pageLoadStrategy=normal, databaseEnabled=false, handlesAlerts=true, hasTouchScreen=false, version=59.0.3071.86, platform=WINDOWS, browserConnectionEnabled=false, nativeEvents=true, acceptSslCerts=true, locationContextEnabled=true, webStorageEnabled=true, browserName=chrome, takesScreenshot=true, javascriptEnabled=true, cssSelectorsEnabled=true, unexpectedAlertBehaviour=}]
Session ID: 408961fc8e92edea70ba762c2dbfe42326d38999
	at org.openqa.selenium.support.ui.WebDriverWait.timeoutException(WebDriverWait.java:80)
	at org.openqa.selenium.support.ui.FluentWait.until(FluentWait.java:257)
	at utility.CommonFunctions.FindElementWithExplicitWait(CommonFunctions.java:32)
	at pageObjects.MainAccount_Menu.link_MainAccount(MainAccount_Menu.java:32)
	at appModules.Limits_Action.test_msg(Limits_Action.java:144)
	at testCases.Validate_Limits.Test_Limits_Message(Validate_Limits.java:54)
	at sun.reflect.NativeMethodAccessorImpl.invoke0(Native Method)
	at sun.reflect.NativeMethodAccessorImpl.invoke(NativeMethodAccessorImpl.java:62)
	at sun.reflect.DelegatingMethodAccessorImpl.invoke(DelegatingMethodAccessorImpl.java:43)
	at java.lang.reflect.Method.invoke(Method.java:498)
	at org.testng.internal.MethodInvocationHelper.invokeMethod(MethodInvocationHelper.java:104)
	at org.testng.internal.Invoker.invokeMethod(Invoker.java:645)
	at org.testng.internal.Invoker.invokeTestMethod(Invoker.java:851)
	at org.testng.internal.Invoker.invokeTestMethods(Invoker.java:1177)
	at org.testng.internal.TestMethodWorker.invokeTestMethods(TestMethodWorker.java:129)
	at org.testng.internal.TestMethodWorker.run(TestMethodWorker.java:112)
	at org.testng.TestRunner.privateRun(TestRunner.java:756)
	at org.testng.TestRunner.run(TestRunner.java:610)
	at org.testng.SuiteRunner.runTest(SuiteRunner.java:387)
	at org.testng.SuiteRunner.runSequentially(SuiteRunner.java:382)
	at org.testng.SuiteRunner.privateRun(SuiteRunner.java:340)
	at org.testng.SuiteRunner.run(SuiteRunner.java:289)
	at org.testng.SuiteRunnerWorker.runSuite(SuiteRunnerWorker.java:52)
	at org.testng.SuiteRunnerWorker.run(SuiteRunnerWorker.java:86)
	at org.testng.TestNG.runSuitesSequentially(TestNG.java:1293)
	at org.testng.TestNG.runSuitesLocally(TestNG.java:1218)
	at org.testng.TestNG.runSuites(TestNG.java:1133)
	at org.testng.TestNG.run(TestNG.java:1104)
	at org.testng.remote.AbstractRemoteTestNG.run(AbstractRemoteTestNG.java:132)
	at org.testng.remote.RemoteTestNG.initAndRun(RemoteTestNG.java:230)
	at org.testng.remote.RemoteTestNG.main(RemoteTestNG.java:76)
]]>
    </error>
  </testcase> <!-- Test_Limits_Message -->
  <testcase name="Test_Limits_MaxOpenPosition" time="30.182" classname="testCases.Validate_Limits">
    <error type="org.openqa.selenium.TimeoutException" message="Expected condition failed: waiting for element to be clickable: By.xpath: .//*[@id=&#039;content&#039;]/div[2]/div[1]/div[1]/div[1]/table/tbody/tr[1]/td[2] (tried for 30 second(s) with 500 MILLISECONDS interval)">
      <![CDATA[org.openqa.selenium.TimeoutException: Expected condition failed: waiting for element to be clickable: By.xpath: .//*[@id='content']/div[2]/div[1]/div[1]/div[1]/table/tbody/tr[1]/td[2] (tried for 30 second(s) with 500 MILLISECONDS interval)
	at org.openqa.selenium.support.ui.WebDriverWait.timeoutException(WebDriverWait.java:80)
	at org.openqa.selenium.support.ui.FluentWait.until(FluentWait.java:257)
	at utility.CommonFunctions.FindElementWithExplicitWait(CommonFunctions.java:32)
	at pageObjects.Limits.select_MaxOpenPos(Limits.java:17)
	at appModules.Limits_Action.limit_openpo(Limits_Action.java:137)
	at testCases.Validate_Limits.Test_Limits_MaxOpenPosition(Validate_Limits.java:50)
	at sun.reflect.NativeMethodAccessorImpl.invoke0(Native Method)
	at sun.reflect.NativeMethodAccessorImpl.invoke(NativeMethodAccessorImpl.java:62)
	at sun.reflect.DelegatingMethodAccessorImpl.invoke(DelegatingMethodAccessorImpl.java:43)
	at java.lang.reflect.Method.invoke(Method.java:498)
	at org.testng.internal.MethodInvocationHelper.invokeMethod(MethodInvocationHelper.java:104)
	at org.testng.internal.Invoker.invokeMethod(Invoker.java:645)
	at org.testng.internal.Invoker.invokeTestMethod(Invoker.java:851)
	at org.testng.internal.Invoker.invokeTestMethods(Invoker.java:1177)
	at org.testng.internal.TestMethodWorker.invokeTestMethods(TestMethodWorker.java:129)
	at org.testng.internal.TestMethodWorker.run(TestMethodWorker.java:112)
	at org.testng.TestRunner.privateRun(TestRunner.java:756)
	at org.testng.TestRunner.run(TestRunner.java:610)
	at org.testng.SuiteRunner.runTest(SuiteRunner.java:387)
	at org.testng.SuiteRunner.runSequentially(SuiteRunner.java:382)
	at org.testng.SuiteRunner.privateRun(SuiteRunner.java:340)
	at org.testng.SuiteRunner.run(SuiteRunner.java:289)
	at org.testng.SuiteRunnerWorker.runSuite(SuiteRunnerWorker.java:52)
	at org.testng.SuiteRunnerWorker.run(SuiteRunnerWorker.java:86)
	at org.testng.TestNG.runSuitesSequentially(TestNG.java:1293)
	at org.testng.TestNG.runSuitesLocally(TestNG.java:1218)
	at org.testng.TestNG.runSuites(TestNG.java:1133)
	at org.testng.TestNG.run(TestNG.java:1104)
	at org.testng.remote.AbstractRemoteTestNG.run(AbstractRemoteTestNG.java:132)
	at org.testng.remote.RemoteTestNG.initAndRun(RemoteTestNG.java:230)
	at org.testng.remote.RemoteTestNG.main(RemoteTestNG.java:76)
Caused by: org.openqa.selenium.NoSuchElementException: Cannot locate an element using By.xpath: .//*[@id='content']/div[2]/div[1]/div[1]/div[1]/table/tbody/tr[1]/td[2]
For documentation on this error, please visit: http://seleniumhq.org/exceptions/no_such_element.html
Build info: version: '3.1.0', revision: 'b94c902', time: '2017-02-16 12:21:31 -0800'
System info: host: 'ehtesham-HP-ProBook-4540s', ip: '127.0.1.1', os.name: 'Linux', os.arch: 'amd64', os.version: '4.4.0-75-generic', java.version: '1.8.0_131'
Driver info: driver.version: unknown
	at org.openqa.selenium.support.ui.ExpectedConditions.lambda$findElement$0(ExpectedConditions.java:896)
	at java.util.Optional.orElseThrow(Optional.java:290)
	at org.openqa.selenium.support.ui.ExpectedConditions.findElement(ExpectedConditions.java:895)
	at org.openqa.selenium.support.ui.ExpectedConditions.access$000(ExpectedConditions.java:41)
	at org.openqa.selenium.support.ui.ExpectedConditions$7.apply(ExpectedConditions.java:205)
	at org.openqa.selenium.support.ui.ExpectedConditions$7.apply(ExpectedConditions.java:201)
	at org.openqa.selenium.support.ui.ExpectedConditions$22.apply(ExpectedConditions.java:651)
	at org.openqa.selenium.support.ui.ExpectedConditions$22.apply(ExpectedConditions.java:644)
	at org.openqa.selenium.support.ui.FluentWait.until(FluentWait.java:234)
	... 29 more
]]>
    </error>
  </testcase> <!-- Test_Limits_MaxOpenPosition -->
  <testcase name="Login" time="13.519" classname="testCases.Validate_Limits"/>
  <testcase name="Login" classname="testCases.Validate_ResourcesPage">
    <skipped/>
  </testcase> <!-- Login -->
  <testcase name="loginMF" classname="testCases.Validate_ResourcesPage">
    <skipped/>
  </testcase> <!-- loginMF -->
  <testcase name="loginMX" classname="testCases.Validate_ResourcesPage">
    <skipped/>
  </testcase> <!-- loginMX -->
  <testcase name="Test_Limits_MaxAccountBalance" classname="testCases.Validate_Limits">
    <skipped/>
  </testcase> <!-- Test_Limits_MaxAccountBalance -->
  <testcase name="testEmailEmpty" classname="testCases.Validate_LostPassword">
    <skipped/>
  </testcase> <!-- testEmailEmpty -->
  <testcase name="check_withdrawlock" classname="testCases.Validate_CashierPassword">
    <skipped/>
  </testcase> <!-- check_withdrawlock -->
  <testcase name="check_depositLock" classname="testCases.Validate_CashierPassword">
    <skipped/>
  </testcase> <!-- check_depositLock -->
  <testcase name="TestNotMoreThanPrevious" classname="testCases.Validate_SelfExclusionPage">
    <skipped/>
  </testcase> <!-- TestNotMoreThanPrevious -->
</testsuite> <!-- testCases.Validate_Limits -->
