<?xml version="1.0" encoding="UTF-8"?>
<!-- Generated by org.testng.reporters.JUnitReportReporter -->
<testsuite name="testCases.Validate_NewAccount" tests="4" time="175.454" ignored="0" failures="0" timestamp="29 Apr 2017 06:21:41 GMT" skipped="0" hostname="v2cloud-pc" errors="0">
  <testcase name="NewClientRegistration" time="79.935" classname="testCases.Validate_NewAccount"/>
  <testcase name="Valiate_EmailField" time="3.794" classname="testCases.Validate_NewAccount"/>
  <testcase name="SetServer" time="2.151" classname="testCases.Validate_NewAccount"/>
  <testcase name="Validate_VerificationInfo" time="89.574" classname="testCases.Validate_NewAccount"/>
</testsuite> <!-- testCases.Validate_NewAccount -->
