<?xml version="1.0" encoding="UTF-8"?>
<!-- Generated by org.testng.reporters.JUnitReportReporter -->
<testsuite name="testCases.Validate_APITokenPage" tests="9" time="14.897" ignored="8" failures="0" timestamp="19 Jul 2017 09:24:14 GMT" skipped="0" hostname="ehtesham-HP-ProBook-4540s" errors="0">
  <testcase name="AddNewToken" time="1.049" classname="testCases.Validate_APITokenPage"/>
  <testcase name="Login" time="7.128" classname="testCases.Validate_APITokenPage"/>
  <testcase name="CheckScopeValidation" time="0.339" classname="testCases.Validate_APITokenPage"/>
  <testcase name="DuplicateName" time="1.046" classname="testCases.Validate_APITokenPage"/>
  <testcase name="CheckMinChar" time="0.286" classname="testCases.Validate_APITokenPage"/>
  <testcase name="NavigateToAPITokenPage" time="4.654" classname="testCases.Validate_APITokenPage"/>
  <testcase name="CheckPageLoad" time="0.051" classname="testCases.Validate_APITokenPage"/>
  <testcase name="DeleteToken" time="0.140" classname="testCases.Validate_APITokenPage"/>
  <testcase name="CheckInvalidName" time="0.204" classname="testCases.Validate_APITokenPage"/>
  <testcase name="testEmailEmpty" classname="testCases.Validate_LostPassword">
    <skipped/>
  </testcase> <!-- testEmailEmpty -->
  <testcase name="Test_Limits_MaxAccountBalance" classname="testCases.Validate_Limits">
    <skipped/>
  </testcase> <!-- Test_Limits_MaxAccountBalance -->
  <testcase name="Login" classname="testCases.Validate_ResourcesPage">
    <skipped/>
  </testcase> <!-- Login -->
  <testcase name="loginMF" classname="testCases.Validate_ResourcesPage">
    <skipped/>
  </testcase> <!-- loginMF -->
  <testcase name="loginMX" classname="testCases.Validate_ResourcesPage">
    <skipped/>
  </testcase> <!-- loginMX -->
  <testcase name="TestNotMoreThanPrevious" classname="testCases.Validate_SelfExclusionPage">
    <skipped/>
  </testcase> <!-- TestNotMoreThanPrevious -->
  <testcase name="check_withdrawlock" classname="testCases.Validate_CashierPassword">
    <skipped/>
  </testcase> <!-- check_withdrawlock -->
  <testcase name="check_depositLock" classname="testCases.Validate_CashierPassword">
    <skipped/>
  </testcase> <!-- check_depositLock -->
</testsuite> <!-- testCases.Validate_APITokenPage -->
