<?xml version="1.0" encoding="UTF-8"?>
<!-- Generated by org.testng.reporters.JUnitReportReporter -->
<testsuite name="testCases.Validate_ProfitTable" tests="6" time="21.469" ignored="2" failures="0" timestamp="17 Jul 2017 08:26:50 GMT" skipped="0" hostname="ehtesham-HP-ProBook-4540s" errors="0">
  <testcase name="NavigateToTradePage" time="0.188" classname="testCases.Validate_ProfitTable"/>
  <testcase name="NavigateToProfitTablePage" time="0.703" classname="testCases.Validate_ProfitTable"/>
  <testcase name="ValidateContractPurchaseView" time="2.069" classname="testCases.Validate_ProfitTable"/>
  <testcase name="Login" time="10.216" classname="testCases.Validate_ProfitTable"/>
  <testcase name="ValidateProfitTableRows" time="0.031" classname="testCases.Validate_ProfitTable"/>
  <testcase name="TestContractPurchase" time="8.262" classname="testCases.Validate_ProfitTable"/>
  <testcase name="TestNotMoreThanPrevious" classname="testCases.Validate_SelfExclusionPage">
    <skipped/>
  </testcase> <!-- TestNotMoreThanPrevious -->
  <testcase name="Test_Limits_MaxAccountBalance" classname="testCases.Validate_Limits">
    <skipped/>
  </testcase> <!-- Test_Limits_MaxAccountBalance -->
</testsuite> <!-- testCases.Validate_ProfitTable -->
