<?xml version="1.0" encoding="UTF-8"?>
<!-- Generated by org.testng.reporters.JUnitReportReporter -->
<testsuite name="testCases.Validate_LoginHistoryPage" tests="6" time="19.653" ignored="0" failures="0" timestamp="11 Apr 2017 05:52:15 GMT" skipped="0" hostname="binary01-Inspiron-530" errors="0">
  <testcase name="Login" time="6.582" classname="testCases.Validate_LoginHistoryPage"/>
  <testcase name="NavigateToLoginHistoryPage" time="3.397" classname="testCases.Validate_LoginHistoryPage"/>
  <testcase name="CheckTotalRows" time="0.095" classname="testCases.Validate_LoginHistoryPage"/>
  <testcase name="A_Login_IncorrectPassword" time="8.460" classname="testCases.Validate_LoginHistoryPage"/>
  <testcase name="CheckPageLoad" time="0.491" classname="testCases.Validate_LoginHistoryPage"/>
  <testcase name="Check_NewEntries" time="0.628" classname="testCases.Validate_LoginHistoryPage"/>
</testsuite> <!-- testCases.Validate_LoginHistoryPage -->
