<?xml version="1.0" encoding="UTF-8"?>
<!-- Generated by org.testng.reporters.JUnitReportReporter -->
<testsuite name="testCases.Validate_Limits" tests="9" time="17.953" ignored="8" failures="0" timestamp="19 Jul 2017 09:24:14 GMT" skipped="4" hostname="ehtesham-HP-ProBook-4540s" errors="0">
  <testcase name="Test_Exceed_MaxOpenPos" time="0.112" classname="testCases.Validate_Limits">
    <skipped/>
  </testcase> <!-- Test_Exceed_MaxOpenPos -->
  <testcase name="NavigateToLimitsPage" time="2.900" classname="testCases.Validate_Limits"/>
  <testcase name="Test_Limits_MaxOpenPosition" time="1.730" classname="testCases.Validate_Limits"/>
  <testcase name="Test_Lower_MaxAccountBalance" time="0.066" classname="testCases.Validate_Limits">
    <skipped/>
  </testcase> <!-- Test_Lower_MaxAccountBalance -->
  <testcase name="Test_Lower_MaxOpenPos" time="0.094" classname="testCases.Validate_Limits">
    <skipped/>
  </testcase> <!-- Test_Lower_MaxOpenPos -->
  <testcase name="NavigateToPersonalDetailsPage" time="2.763" classname="testCases.Validate_Limits"/>
  <testcase name="Login" time="8.354" classname="testCases.Validate_Limits"/>
  <testcase name="Test_Limits_Message" time="0.397" classname="testCases.Validate_Limits"/>
  <testcase name="Test_Exceed_MaxAccountBalance" time="1.537" classname="testCases.Validate_Limits">
    <skipped/>
  </testcase> <!-- Test_Exceed_MaxAccountBalance -->
  <testcase name="testEmailEmpty" classname="testCases.Validate_LostPassword">
    <skipped/>
  </testcase> <!-- testEmailEmpty -->
  <testcase name="Test_Limits_MaxAccountBalance" classname="testCases.Validate_Limits">
    <skipped/>
  </testcase> <!-- Test_Limits_MaxAccountBalance -->
  <testcase name="Login" classname="testCases.Validate_ResourcesPage">
    <skipped/>
  </testcase> <!-- Login -->
  <testcase name="loginMF" classname="testCases.Validate_ResourcesPage">
    <skipped/>
  </testcase> <!-- loginMF -->
  <testcase name="loginMX" classname="testCases.Validate_ResourcesPage">
    <skipped/>
  </testcase> <!-- loginMX -->
  <testcase name="TestNotMoreThanPrevious" classname="testCases.Validate_SelfExclusionPage">
    <skipped/>
  </testcase> <!-- TestNotMoreThanPrevious -->
  <testcase name="check_withdrawlock" classname="testCases.Validate_CashierPassword">
    <skipped/>
  </testcase> <!-- check_withdrawlock -->
  <testcase name="check_depositLock" classname="testCases.Validate_CashierPassword">
    <skipped/>
  </testcase> <!-- check_depositLock -->
</testsuite> <!-- testCases.Validate_Limits -->
