<?xml version="1.0" encoding="UTF-8"?>
<!-- Generated by org.testng.reporters.JUnitReportReporter -->
<testsuite name="testCases.Validate_SetFinancialAssessment" tests="4" time="24.837" ignored="0" failures="0" timestamp="06 Jun 2017 13:59:49 GMT" skipped="0" hostname="v2cloud-pc" errors="0">
  <testcase name="A_Login" time="5.102" classname="testCases.Validate_SetFinancialAssessment"/>
  <testcase name="C_Set_FinancialAssessment" time="10.169" classname="testCases.Validate_SetFinancialAssessment"/>
  <testcase name="B_NavigateToFinancialAssessmentPage" time="7.792" classname="testCases.Validate_SetFinancialAssessment"/>
  <testcase name="D_Logout" time="1.774" classname="testCases.Validate_SetFinancialAssessment"/>
</testsuite> <!-- testCases.Validate_SetFinancialAssessment -->
